--- Copying files at Mon Jun 23 15:43:12 UTC 2025
--- Copied files finished at Mon Jun 23 15:43:12 UTC 2025
--- Copying files at Tue Jun 24 01:04:23 UTC 2025
--- Copied files finished at Tue Jun 24 01:04:23 UTC 2025
--- Copying files at Wed Jun 25 00:50:47 UTC 2025
--- Copied files finished at Wed Jun 25 00:50:47 UTC 2025
--- Copying files at Thu Jun 26 00:51:08 UTC 2025
--- Copied files finished at Thu Jun 26 00:51:08 UTC 2025
--- Copying files at Fri Jun 27 00:53:06 UTC 2025
--- Copied files finished at Fri Jun 27 00:53:06 UTC 2025
--- Copying files at Fri Jun 27 02:36:20 UTC 2025
--- Copied files finished at Fri Jun 27 02:36:20 UTC 2025
--- Copying files at Fri Jun 27 03:02:03 UTC 2025
--- Copied files finished at Fri Jun 27 03:02:04 UTC 2025
--- Copying files at Fri Jun 27 07:19:38 UTC 2025
--- Copied files finished at Fri Jun 27 07:19:38 UTC 2025
--- Copying files at Fri Jun 27 15:09:41 UTC 2025
--- Copied files finished at Fri Jun 27 15:09:41 UTC 2025
--- Copying files at Fri Jun 27 15:29:26 UTC 2025
--- Copied files finished at Fri Jun 27 15:29:26 UTC 2025
--- Copying files at Sat Jun 28 03:36:49 UTC 2025
--- Copied files finished at Sat Jun 28 03:36:49 UTC 2025
